<?xml version="1.0" encoding="UTF-8"?>
<!-- Generated by org.testng.reporters.JUnitXMLReporter -->
<testsuite ignored="0" hostname="Selva" failures="0" tests="5" name="starhealth001" time="16.094" errors="0" timestamp="2024-02-02T15:20:50 IST">
  <testcase classname="starthealthScenario2.TestStarthealthPage" name="click_onPlans" time="1.689"/>
  <testcase classname="starthealthScenario2.TestStarthealthPage" name="click_on_option" time="4.18"/>
  <testcase classname="starthealthScenario2.TestStarthealthPage" name="enter_user_details" time="0.496"/>
  <testcase classname="starthealthScenario2.TestStarthealthPage" name="clickTwitterLogo" time="5.205"/>
  <testcase classname="starthealthScenario2.TestStarthealthPage" name="validateTwitterPage" time="0.042"/>
</testsuite> <!-- starhealth001 -->
